FrontEnd/build/app/intermediates/manifest_merge_blame_file/debug/manifest-merger-blame-debug-report.txt
1<?xml version="1.0" encoding="utf-8"?>
2<manifest xmlns:android="http://schemas.android.com/apk/res/android"
3    package="com.example.food_recpie_app"
4    android:versionCode="1"
5    android:versionName="1.0.0" >
6
7    <uses-sdk
8        android:minSdkVersion="21"
9        android:targetSdkVersion="31" />
10    <!--
11         Flutter needs it to communicate with the running application
12         to allow setting breakpoints, to provide hot reload, etc.
13    -->
14    <uses-permission android:name="android.permission.INTERNET" />
14-->src\main\AndroidManifest.xml:5:6-67
14-->src\main\AndroidManifest.xml:5:23-65
15    <!-- added below code -->
16    <uses-permission android:name="android.permission.ACCESS_NETWORK_STATE" />
16-->src\main\AndroidManifest.xml:4:6-80
16-->src\main\AndroidManifest.xml:4:23-77
17    <uses-permission android:name="android.permission.CAMERA" />
17-->[:camera] AndroidManifest.xml:9:5-65
17-->[:camera] AndroidManifest.xml:9:22-62
18    <uses-permission android:name="android.permission.RECORD_AUDIO" /> <!-- //////// -->
18-->[:camera] AndroidManifest.xml:10:5-71
18-->[:camera] AndroidManifest.xml:10:22-68
19    <application
20        android:name="android.app.Application"
21        android:appComponentFactory="androidx.core.app.CoreComponentFactory"
21-->[androidx.core:core:1.6.0] AndroidManifest.xml:24:18-86
22        android:debuggable="true"
23        android:icon="@mipmap/ic_launcher"
24        android:label="Kokiya" >
25        <activity
26            android:name="com.example.food_recpie_app.MainActivity"
27            android:configChanges="orientation|keyboardHidden|keyboard|screenSize|smallestScreenSize|locale|layoutDirection|fontScale|screenLayout|density|uiMode"
28            android:exported="true"
29            android:hardwareAccelerated="true"
30            android:launchMode="singleTop"
31            android:theme="@style/LaunchTheme"
32            android:windowSoftInputMode="adjustResize" >
33
34            <!--
35                 Specifies an Android theme to apply to this Activity as soon as
36                 the Android process has started. This theme is visible to the user
37                 while the Flutter UI initializes. After that, this theme continues
38                 to determine the Window background behind the Flutter UI.
39            -->
40            <meta-data
41                android:name="io.flutter.embedding.android.NormalTheme"
42                android:resource="@style/NormalTheme" />
43
44            <intent-filter>
45                <action android:name="android.intent.action.MAIN" />
46
47                <category android:name="android.intent.category.LAUNCHER" />
48            </intent-filter>
49        </activity>
50        <activity
51            android:name="com.yalantis.ucrop.UCropActivity"
52            android:screenOrientation="portrait"
53            android:theme="@style/Theme.AppCompat.Light.NoActionBar" />
54        <!--
55             Don't delete the meta-data below.
56             This is used by the Flutter tool to generate GeneratedPluginRegistrant.java
57        -->
58        <meta-data
59            android:name="flutterEmbedding"
60            android:value="2" />
61
62        <service
62-->[:cloud_firestore] AndroidManifest.xml:8:9-12:19
63            android:name="com.google.firebase.components.ComponentDiscoveryService"
63-->[:cloud_firestore] AndroidManifest.xml:8:18-89
64            android:directBootAware="true"
64-->[com.google.firebase:firebase-common:20.0.0] AndroidManifest.xml:35:13-43
65            android:exported="false" >
65-->[com.google.firebase:firebase-auth:21.0.1] AndroidManifest.xml:76:13-37
66            <meta-data
66-->[:cloud_firestore] AndroidManifest.xml:9:13-11:85
67                android:name="com.google.firebase.components:io.flutter.plugins.firebase.firestore.FlutterFirebaseFirestoreRegistrar"
67-->[:cloud_firestore] AndroidManifest.xml:10:17-134
68                android:value="com.google.firebase.components.ComponentRegistrar" />
68-->[:cloud_firestore] AndroidManifest.xml:11:17-82
69            <meta-data
69-->[:firebase_auth] AndroidManifest.xml:9:13-11:85
70                android:name="com.google.firebase.components:io.flutter.plugins.firebase.auth.FlutterFirebaseAuthRegistrar"
70-->[:firebase_auth] AndroidManifest.xml:10:17-124
71                android:value="com.google.firebase.components.ComponentRegistrar" />
71-->[:firebase_auth] AndroidManifest.xml:11:17-82
72            <meta-data
72-->[:firebase_storage] AndroidManifest.xml:9:13-11:85
73                android:name="com.google.firebase.components:io.flutter.plugins.firebase.storage.FlutterFirebaseAppRegistrar"
73-->[:firebase_storage] AndroidManifest.xml:10:17-126
74                android:value="com.google.firebase.components.ComponentRegistrar" />
74-->[:firebase_storage] AndroidManifest.xml:11:17-82
75            <meta-data
75-->[:firebase_core] AndroidManifest.xml:9:13-11:85
76                android:name="com.google.firebase.components:io.flutter.plugins.firebase.core.FlutterFirebaseCoreRegistrar"
76-->[:firebase_core] AndroidManifest.xml:10:17-124
77                android:value="com.google.firebase.components.ComponentRegistrar" />
77-->[:firebase_core] AndroidManifest.xml:11:17-82
78            <meta-data
78-->[com.google.firebase:firebase-auth:21.0.1] AndroidManifest.xml:77:13-79:85
79                android:name="com.google.firebase.components:com.google.firebase.auth.FirebaseAuthRegistrar"
79-->[com.google.firebase:firebase-auth:21.0.1] AndroidManifest.xml:78:17-109
80                android:value="com.google.firebase.components.ComponentRegistrar" />
80-->[com.google.firebase:firebase-auth:21.0.1] AndroidManifest.xml:79:17-82
81            <meta-data
81-->[com.google.firebase:firebase-firestore:24.0.1] AndroidManifest.xml:20:13-22:85
82                android:name="com.google.firebase.components:com.google.firebase.firestore.FirestoreRegistrar"
82-->[com.google.firebase:firebase-firestore:24.0.1] AndroidManifest.xml:21:17-111
83                android:value="com.google.firebase.components.ComponentRegistrar" />
83-->[com.google.firebase:firebase-firestore:24.0.1] AndroidManifest.xml:22:17-82
84            <meta-data
84-->[com.google.firebase:firebase-storage:20.0.0] AndroidManifest.xml:33:13-35:85
85                android:name="com.google.firebase.components:com.google.firebase.storage.StorageRegistrar"
85-->[com.google.firebase:firebase-storage:20.0.0] AndroidManifest.xml:34:17-107
86                android:value="com.google.firebase.components.ComponentRegistrar" />
86-->[com.google.firebase:firebase-storage:20.0.0] AndroidManifest.xml:35:17-82
87        </service>
88
89        <provider
89-->[:image_picker] AndroidManifest.xml:8:9-16:20
90            android:name="io.flutter.plugins.imagepicker.ImagePickerFileProvider"
90-->[:image_picker] AndroidManifest.xml:9:13-82
91            android:authorities="com.example.food_recpie_app.flutter.image_provider"
91-->[:image_picker] AndroidManifest.xml:10:13-74
92            android:exported="false"
92-->[:image_picker] AndroidManifest.xml:11:13-37
93            android:grantUriPermissions="true" >
93-->[:image_picker] AndroidManifest.xml:12:13-47
94            <meta-data
94-->[:image_picker] AndroidManifest.xml:13:13-15:75
95                android:name="android.support.FILE_PROVIDER_PATHS"
95-->[:image_picker] AndroidManifest.xml:14:17-67
96                android:resource="@xml/flutter_image_picker_file_paths" />
96-->[:image_picker] AndroidManifest.xml:15:17-72
97        </provider>
98
99        <uses-library
99-->[androidx.window:window:1.0.0-beta04] AndroidManifest.xml:25:9-27:40
100            android:name="androidx.window.extensions"
100-->[androidx.window:window:1.0.0-beta04] AndroidManifest.xml:26:13-54
101            android:required="false" />
101-->[androidx.window:window:1.0.0-beta04] AndroidManifest.xml:27:13-37
102        <uses-library
102-->[androidx.window:window:1.0.0-beta04] AndroidManifest.xml:28:9-30:40
103            android:name="androidx.window.sidecar"
103-->[androidx.window:window:1.0.0-beta04] AndroidManifest.xml:29:13-51
104            android:required="false" />
104-->[androidx.window:window:1.0.0-beta04] AndroidManifest.xml:30:13-37
105
106        <activity
106-->[com.google.firebase:firebase-auth:21.0.1] AndroidManifest.xml:27:9-44:20
107            android:name="com.google.firebase.auth.internal.GenericIdpActivity"
107-->[com.google.firebase:firebase-auth:21.0.1] AndroidManifest.xml:28:13-80
108            android:excludeFromRecents="true"
108-->[com.google.firebase:firebase-auth:21.0.1] AndroidManifest.xml:29:13-46
109            android:exported="true"
109-->[com.google.firebase:firebase-auth:21.0.1] AndroidManifest.xml:30:13-36
110            android:launchMode="singleTask"
110-->[com.google.firebase:firebase-auth:21.0.1] AndroidManifest.xml:31:13-44
111            android:theme="@android:style/Theme.Translucent.NoTitleBar" >
111-->[com.google.firebase:firebase-auth:21.0.1] AndroidManifest.xml:32:13-72
112            <intent-filter>
112-->[com.google.firebase:firebase-auth:21.0.1] AndroidManifest.xml:33:13-43:29
113                <action android:name="android.intent.action.VIEW" />
113-->[com.google.firebase:firebase-auth:21.0.1] AndroidManifest.xml:34:17-69
113-->[com.google.firebase:firebase-auth:21.0.1] AndroidManifest.xml:34:25-66
114
115                <category android:name="android.intent.category.DEFAULT" />
115-->[com.google.firebase:firebase-auth:21.0.1] AndroidManifest.xml:36:17-76
115-->[com.google.firebase:firebase-auth:21.0.1] AndroidManifest.xml:36:27-73
116                <category android:name="android.intent.category.BROWSABLE" />
116-->[com.google.firebase:firebase-auth:21.0.1] AndroidManifest.xml:37:17-78
116-->[com.google.firebase:firebase-auth:21.0.1] AndroidManifest.xml:37:27-75
117
118                <data
118-->[com.google.firebase:firebase-auth:21.0.1] AndroidManifest.xml:39:17-42:51
119                    android:host="firebase.auth"
119-->[com.google.firebase:firebase-auth:21.0.1] AndroidManifest.xml:40:21-49
120                    android:path="/"
120-->[com.google.firebase:firebase-auth:21.0.1] AndroidManifest.xml:41:21-37
121                    android:scheme="genericidp" />
121-->[com.google.firebase:firebase-auth:21.0.1] AndroidManifest.xml:42:21-48
122            </intent-filter>
123        </activity>
124        <activity
124-->[com.google.firebase:firebase-auth:21.0.1] AndroidManifest.xml:45:9-62:20
125            android:name="com.google.firebase.auth.internal.RecaptchaActivity"
125-->[com.google.firebase:firebase-auth:21.0.1] AndroidManifest.xml:46:13-79
126            android:excludeFromRecents="true"
126-->[com.google.firebase:firebase-auth:21.0.1] AndroidManifest.xml:47:13-46
127            android:exported="true"
127-->[com.google.firebase:firebase-auth:21.0.1] AndroidManifest.xml:48:13-36
128            android:launchMode="singleTask"
128-->[com.google.firebase:firebase-auth:21.0.1] AndroidManifest.xml:49:13-44
129            android:theme="@android:style/Theme.Translucent.NoTitleBar" >
129-->[com.google.firebase:firebase-auth:21.0.1] AndroidManifest.xml:50:13-72
130            <intent-filter>
130-->[com.google.firebase:firebase-auth:21.0.1] AndroidManifest.xml:51:13-61:29
131                <action android:name="android.intent.action.VIEW" />
131-->[com.google.firebase:firebase-auth:21.0.1] AndroidManifest.xml:34:17-69
131-->[com.google.firebase:firebase-auth:21.0.1] AndroidManifest.xml:34:25-66
132
133                <category android:name="android.intent.category.DEFAULT" />
133-->[com.google.firebase:firebase-auth:21.0.1] AndroidManifest.xml:36:17-76
133-->[com.google.firebase:firebase-auth:21.0.1] AndroidManifest.xml:36:27-73
134                <category android:name="android.intent.category.BROWSABLE" />
134-->[com.google.firebase:firebase-auth:21.0.1] AndroidManifest.xml:37:17-78
134-->[com.google.firebase:firebase-auth:21.0.1] AndroidManifest.xml:37:27-75
135
136                <data
136-->[com.google.firebase:firebase-auth:21.0.1] AndroidManifest.xml:39:17-42:51
137                    android:host="firebase.auth"
137-->[com.google.firebase:firebase-auth:21.0.1] AndroidManifest.xml:40:21-49
138                    android:path="/"
138-->[com.google.firebase:firebase-auth:21.0.1] AndroidManifest.xml:41:21-37
139                    android:scheme="recaptcha" />
139-->[com.google.firebase:firebase-auth:21.0.1] AndroidManifest.xml:42:21-48
140            </intent-filter>
141        </activity>
142
143        <service
143-->[com.google.firebase:firebase-auth:21.0.1] AndroidManifest.xml:64:9-73:19
144            android:name="com.google.firebase.auth.api.fallback.service.FirebaseAuthFallbackService"
144-->[com.google.firebase:firebase-auth:21.0.1] AndroidManifest.xml:65:13-101
145            android:enabled="true"
145-->[com.google.firebase:firebase-auth:21.0.1] AndroidManifest.xml:66:13-35
146            android:exported="false" >
146-->[com.google.firebase:firebase-auth:21.0.1] AndroidManifest.xml:67:13-37
147            <intent-filter>
147-->[com.google.firebase:firebase-auth:21.0.1] AndroidManifest.xml:68:13-72:29
148                <action android:name="com.google.firebase.auth.api.gms.service.START" />
148-->[com.google.firebase:firebase-auth:21.0.1] AndroidManifest.xml:69:17-89
148-->[com.google.firebase:firebase-auth:21.0.1] AndroidManifest.xml:69:25-86
149
150                <category android:name="android.intent.category.DEFAULT" />
150-->[com.google.firebase:firebase-auth:21.0.1] AndroidManifest.xml:36:17-76
150-->[com.google.firebase:firebase-auth:21.0.1] AndroidManifest.xml:36:27-73
151            </intent-filter>
152        </service>
153
154        <provider
154-->[com.google.firebase:firebase-common:20.0.0] AndroidManifest.xml:26:9-31:39
155            android:name="com.google.firebase.provider.FirebaseInitProvider"
155-->[com.google.firebase:firebase-common:20.0.0] AndroidManifest.xml:27:13-77
156            android:authorities="com.example.food_recpie_app.firebaseinitprovider"
156-->[com.google.firebase:firebase-common:20.0.0] AndroidManifest.xml:28:13-72
157            android:directBootAware="true"
157-->[com.google.firebase:firebase-common:20.0.0] AndroidManifest.xml:29:13-43
158            android:exported="false"
158-->[com.google.firebase:firebase-common:20.0.0] AndroidManifest.xml:30:13-37
159            android:initOrder="100" />
159-->[com.google.firebase:firebase-common:20.0.0] AndroidManifest.xml:31:13-36
160
161        <activity
161-->[com.google.android.gms:play-services-auth:20.0.1] AndroidManifest.xml:23:9-27:75
162            android:name="com.google.android.gms.auth.api.signin.internal.SignInHubActivity"
162-->[com.google.android.gms:play-services-auth:20.0.1] AndroidManifest.xml:24:13-93
163            android:excludeFromRecents="true"
163-->[com.google.android.gms:play-services-auth:20.0.1] AndroidManifest.xml:25:13-46
164            android:exported="false"
164-->[com.google.android.gms:play-services-auth:20.0.1] AndroidManifest.xml:26:13-37
165            android:theme="@android:style/Theme.Translucent.NoTitleBar" />
165-->[com.google.android.gms:play-services-auth:20.0.1] AndroidManifest.xml:27:13-72
166        <!--
167            Service handling Google Sign-In user revocation. For apps that do not integrate with
168            Google Sign-In, this service will never be started.
169        -->
170        <service
170-->[com.google.android.gms:play-services-auth:20.0.1] AndroidManifest.xml:33:9-37:51
171            android:name="com.google.android.gms.auth.api.signin.RevocationBoundService"
171-->[com.google.android.gms:play-services-auth:20.0.1] AndroidManifest.xml:34:13-89
172            android:exported="true"
172-->[com.google.android.gms:play-services-auth:20.0.1] AndroidManifest.xml:35:13-36
173            android:permission="com.google.android.gms.auth.api.signin.permission.REVOCATION_NOTIFICATION"
173-->[com.google.android.gms:play-services-auth:20.0.1] AndroidManifest.xml:36:13-107
174            android:visibleToInstantApps="true" />
174-->[com.google.android.gms:play-services-auth:20.0.1] AndroidManifest.xml:37:13-48
175
176        <activity
176-->[com.google.android.gms:play-services-base:18.0.1] AndroidManifest.xml:20:9-22:45
177            android:name="com.google.android.gms.common.api.GoogleApiActivity"
177-->[com.google.android.gms:play-services-base:18.0.1] AndroidManifest.xml:20:19-85
178            android:exported="false"
178-->[com.google.android.gms:play-services-base:18.0.1] AndroidManifest.xml:22:19-43
179            android:theme="@android:style/Theme.Translucent.NoTitleBar" />
179-->[com.google.android.gms:play-services-base:18.0.1] AndroidManifest.xml:21:19-78
180
181        <meta-data
181-->[com.google.android.gms:play-services-basement:18.0.0] AndroidManifest.xml:21:9-23:69
182            android:name="com.google.android.gms.version"
182-->[com.google.android.gms:play-services-basement:18.0.0] AndroidManifest.xml:22:13-58
183            android:value="@integer/google_play_services_version" />
183-->[com.google.android.gms:play-services-basement:18.0.0] AndroidManifest.xml:23:13-66
184    </application>
185
186</manifest>